[08/05/20 - 21:34:29]: null
[09/05/20 - 09:31:20]: Parsing error in line <1>
[09/05/20 - 09:34:42]: Parsing error in line <1>
[09/05/20 - 09:41:48]: Parsing error in line <1>
[09/05/20 - 09:43:49]: Parsing error in line <1>
[09/05/20 - 09:48:09]: Parsing error in line <1>
[09/05/20 - 10:00:02]: null
[09/05/20 - 12:41:18]: null
[09/05/20 - 12:41:18]: null
[09/05/20 - 17:45:20]: null
[09/05/20 - 17:46:32]: null
[09/05/20 - 17:46:47]: null
[09/05/20 - 17:47:30]: null
[09/05/20 - 18:08:25]: Parsing error in line <1>
[09/05/20 - 18:08:41]: Parsing error in line <1>
[09/05/20 - 18:11:05]: Parsing error in line <1>
[09/05/20 - 18:56:09]: Parsing error in line <1>
[09/05/20 - 18:56:59]: Parsing error in line <1>
[09/05/20 - 18:58:53]: Parsing error in line <1>
[09/05/20 - 19:00:53]: Parsing error in line <1>
[09/05/20 - 19:01:35]: Parsing error in line <1>
[09/05/20 - 19:08:35]: Parsing error in line <1>
[09/05/20 - 19:16:43]: null
[10/05/20 - 16:18:44]: The file specified was not found. Please try again with a valid file name
[10/05/20 - 16:20:08]: The file specified was not found. Please try again with a valid file name
[10/05/20 - 16:39:51]: Error: file name cannot be empty
[10/05/20 - 16:40:36]: Error: file name cannot be empty
[10/05/20 - 16:40:58]: Error: file name cannot be empty
[10/05/20 - 16:51:46]: Error: file name cannot be empty
[10/05/20 - 16:58:24]: Error: file name cannot be empty
[10/05/20 - 17:29:04]: null
[10/05/20 - 17:37:38]: null
[10/05/20 - 17:37:38]: null
[10/05/20 - 17:40:37]: null
[10/05/20 - 17:40:37]: null
[10/05/20 - 17:43:25]: null
[10/05/20 - 17:43:25]: null
[10/05/20 - 17:44:13]: null
[10/05/20 - 17:44:13]: null
[10/05/20 - 17:50:34]: null
[10/05/20 - 17:50:34]: null
[10/05/20 - 17:56:36]: null
[10/05/20 - 17:56:36]: null
[10/05/20 - 18:24:39]: null
[10/05/20 - 19:00:56]: null
[10/05/20 - 19:11:08]: null
[10/05/20 - 19:11:53]: null
[10/05/20 - 19:15:55]: Error: number of row exceeds the limit
[10/05/20 - 19:22:10]: null
[10/05/20 - 19:27:53]: null
[10/05/20 - 19:47:08]: null
[10/05/20 - 19:48:02]: null
[10/05/20 - 19:49:17]: null
[10/05/20 - 19:51:04]: null
[10/05/20 - 19:52:58]: null
[10/05/20 - 19:58:14]: null
[10/05/20 - 20:00:54]: null
